<?xml version="1.0" encoding="UTF-8"?>
<testsuite name="MainTest" tests="1" skipped="0" failures="1" errors="0" timestamp="2022-06-06T15:14:13" hostname="PC" time="0.064">
  <properties/>
  <testcase name="start" classname="MainTest" time="0.064">
    <failure message="java.lang.AssertionError: Wrong answer in test #4&#10;&#10;There were not enough Threads started, you should process each file in a different Thread. &#10;You started 2 threads, but you need to start 10 threads. &#10;The executor.invokeAll() method might help. Also, don't forget to call .shutdown().&#10;&#10;Please find below the output of your program during this failed test.&#10;&#10;---&#10;&#10;Arguments: test_files %txt- &quot;TXT document&quot;&#10;&#10;test_files/doc8.pdf: Unknown file type&#10;test_files/doc9.txt: Unknown file type&#10;test_files/doc7.pdf: TXT document&#10;test_files/doc1.pdf: TXT document&#10;test_files/doc6.pdf: TXT document&#10;test_files/doc0.pdf: TXT document&#10;test_files/doc5.pdf: TXT document&#10;test_files/doc3.pdf: TXT document&#10;test_files/doc2.pdf: TXT document&#10;test_files/doc4.pdf: TXT document" type="java.lang.AssertionError">java.lang.AssertionError: Wrong answer in test #4

There were not enough Threads started, you should process each file in a different Thread. 
You started 2 threads, but you need to start 10 threads. 
The executor.invokeAll() method might help. Also, don't forget to call .shutdown().

Please find below the output of your program during this failed test.

---

Arguments: test_files %txt- &quot;TXT document&quot;

test_files/doc8.pdf: Unknown file type
test_files/doc9.txt: Unknown file type
test_files/doc7.pdf: TXT document
test_files/doc1.pdf: TXT document
test_files/doc6.pdf: TXT document
test_files/doc0.pdf: TXT document
test_files/doc5.pdf: TXT document
test_files/doc3.pdf: TXT document
test_files/doc2.pdf: TXT document
test_files/doc4.pdf: TXT document
	at org.junit.Assert.fail(Assert.java:88)
	at org.hyperskill.hstest.stage.StageTest.start(StageTest.java:155)
	at java.base/jdk.internal.reflect.NativeMethodAccessorImpl.invoke0(Native Method)
	at java.base/jdk.internal.reflect.NativeMethodAccessorImpl.invoke(NativeMethodAccessorImpl.java:77)
	at java.base/jdk.internal.reflect.DelegatingMethodAccessorImpl.invoke(DelegatingMethodAccessorImpl.java:43)
	at java.base/java.lang.reflect.Method.invoke(Method.java:568)
	at org.junit.runners.model.FrameworkMethod$1.runReflectiveCall(FrameworkMethod.java:50)
	at org.junit.internal.runners.model.ReflectiveCallable.run(ReflectiveCallable.java:12)
	at org.junit.runners.model.FrameworkMethod.invokeExplosively(FrameworkMethod.java:47)
	at org.junit.internal.runners.statements.InvokeMethod.evaluate(InvokeMethod.java:17)
	at org.junit.runners.ParentRunner.runLeaf(ParentRunner.java:325)
	at org.junit.runners.BlockJUnit4ClassRunner.runChild(BlockJUnit4ClassRunner.java:78)
	at org.junit.runners.BlockJUnit4ClassRunner.runChild(BlockJUnit4ClassRunner.java:57)
	at org.junit.runners.ParentRunner$3.run(ParentRunner.java:290)
	at org.junit.runners.ParentRunner$1.schedule(ParentRunner.java:71)
	at org.junit.runners.ParentRunner.runChildren(ParentRunner.java:288)
	at org.junit.runners.ParentRunner.access$000(ParentRunner.java:58)
	at org.junit.runners.ParentRunner$2.evaluate(ParentRunner.java:268)
	at org.junit.internal.runners.statements.RunBefores.evaluate(RunBefores.java:26)
	at org.junit.internal.runners.statements.RunAfters.evaluate(RunAfters.java:27)
	at org.junit.runners.ParentRunner.run(ParentRunner.java:363)
	at org.gradle.api.internal.tasks.testing.junit.JUnitTestClassExecutor.runTestClass(JUnitTestClassExecutor.java:110)
	at org.gradle.api.internal.tasks.testing.junit.JUnitTestClassExecutor.execute(JUnitTestClassExecutor.java:58)
	at org.gradle.api.internal.tasks.testing.junit.JUnitTestClassExecutor.execute(JUnitTestClassExecutor.java:38)
	at org.gradle.api.internal.tasks.testing.junit.AbstractJUnitTestClassProcessor.processTestClass(AbstractJUnitTestClassProcessor.java:62)
	at org.gradle.api.internal.tasks.testing.SuiteTestClassProcessor.processTestClass(SuiteTestClassProcessor.java:51)
	at java.base/jdk.internal.reflect.NativeMethodAccessorImpl.invoke0(Native Method)
	at java.base/jdk.internal.reflect.NativeMethodAccessorImpl.invoke(NativeMethodAccessorImpl.java:77)
	at java.base/jdk.internal.reflect.DelegatingMethodAccessorImpl.invoke(DelegatingMethodAccessorImpl.java:43)
	at java.base/java.lang.reflect.Method.invoke(Method.java:568)
	at org.gradle.internal.dispatch.ReflectionDispatch.dispatch(ReflectionDispatch.java:36)
	at org.gradle.internal.dispatch.ReflectionDispatch.dispatch(ReflectionDispatch.java:24)
	at org.gradle.internal.dispatch.ContextClassLoaderDispatch.dispatch(ContextClassLoaderDispatch.java:33)
	at org.gradle.internal.dispatch.ProxyDispatchAdapter$DispatchingInvocationHandler.invoke(ProxyDispatchAdapter.java:94)
	at jdk.proxy1/jdk.proxy1.$Proxy2.processTestClass(Unknown Source)
	at org.gradle.api.internal.tasks.testing.worker.TestWorker$2.run(TestWorker.java:176)
	at org.gradle.api.internal.tasks.testing.worker.TestWorker.executeAndMaintainThreadName(TestWorker.java:129)
	at org.gradle.api.internal.tasks.testing.worker.TestWorker.execute(TestWorker.java:100)
	at org.gradle.api.internal.tasks.testing.worker.TestWorker.execute(TestWorker.java:60)
	at org.gradle.process.internal.worker.child.ActionExecutionWorker.execute(ActionExecutionWorker.java:56)
	at org.gradle.process.internal.worker.child.SystemApplicationClassLoaderWorker.call(SystemApplicationClassLoaderWorker.java:133)
	at org.gradle.process.internal.worker.child.SystemApplicationClassLoaderWorker.call(SystemApplicationClassLoaderWorker.java:71)
	at worker.org.gradle.process.internal.worker.GradleWorkerMain.run(GradleWorkerMain.java:69)
	at worker.org.gradle.process.internal.worker.GradleWorkerMain.main(GradleWorkerMain.java:74)
</failure>
  </testcase>
  <system-out><![CDATA[?[1;31m
Start test 1?[0m
test_files/text.txt: PDF document
test_files/doc.pdf: PDF document
?[1;31m
Start test 2?[0m
test_files/file.pdf: PEM certificate
test_files/file.pem: PEM certificate
?[1;31m
Start test 3?[0m
test_files/the_only_file.pem: PEM certificate
?[1;31m
Start test 4?[0m
test_files/doc8.pdf: Unknown file type
test_files/doc9.txt: Unknown file type
test_files/doc7.pdf: TXT document
test_files/doc1.pdf: TXT document
test_files/doc6.pdf: TXT document
test_files/doc0.pdf: TXT document
test_files/doc5.pdf: TXT document
test_files/doc3.pdf: TXT document
test_files/doc2.pdf: TXT document
test_files/doc4.pdf: TXT document
]]></system-out>
  <system-err><![CDATA[]]></system-err>
</testsuite>
